<?xml version="1.0" encoding="UTF-8"?>
<!-- Generated by org.testng.reporters.JUnitXMLReporter -->
<testsuite ignored="1" hostname="Yusuf" failures="0" tests="1" name="Default test" time="75.146" errors="0" timestamp="2023-08-05T21:38:08 BDT">
  <testcase classname="testcase.Login_page_test" name="Test_case2" time="72.242"/>
  <testcase classname="testcase.Login_page_test" name="Check_login_page" time="0.0">
    <ignored/>
  </testcase> <!-- Check_login_page -->
</testsuite> <!-- Default test -->
