<?xml version="1.0" encoding="UTF-8"?>
<!-- Generated by org.testng.reporters.JUnitXMLReporter -->
<testsuite ignored="0" hostname="Yusuf" failures="0" tests="10" name="Test" time="53.015" errors="0" timestamp="2023-06-24T22:08:56 BDT">
  <testcase classname="testcase.test_signpage_without_number" name="without_number" time="6.922"/>
  <testcase classname="testcase.test_with_wrong_mail" name="without_number" time="6.166"/>
  <testcase classname="testcase.order_test" name="test" time="13.265"/>
  <testcase classname="testcase.test_sign" name="cpass" time="2.867"/>
  <testcase classname="testcase.test_sign" name="first_name" time="3.715"/>
  <testcase classname="testcase.test_sign" name="last_name" time="3.591"/>
  <testcase classname="testcase.test_sign" name="mail" time="3.603"/>
  <testcase classname="testcase.test_sign" name="mobile_number" time="3.577"/>
  <testcase classname="testcase.test_sign" name="pass" time="3.781"/>
  <testcase classname="testcase.test_sign" name="test" time="0.761"/>
</testsuite> <!-- Test -->
