<?xml version="1.0" encoding="UTF-8"?>
<testng-results ignored="0" total="1" passed="1" failed="0" skipped="0">
  <reporter-output>
  </reporter-output>
  <suite started-at="2023-04-06T12:06:07 BDT" name="Default suite" finished-at="2023-04-06T12:06:19 BDT" duration-ms="12741">
    <groups>
    </groups>
    <test started-at="2023-04-06T12:06:07 BDT" name="Default test" finished-at="2023-04-06T12:06:19 BDT" duration-ms="12741">
      <class name="testcase.test_with_wrong_mail">
        <test-method is-config="true" signature="setBrowser()[pri:0, instance:testcase.test_with_wrong_mail@66c61024]" started-at="2023-04-06T12:06:07 BDT" name="setBrowser" finished-at="2023-04-06T12:06:09 BDT" duration-ms="2141" status="PASS">
          <reporter-output>
          </reporter-output>
        </test-method> <!-- setBrowser -->
        <test-method signature="without_number()[pri:0, instance:testcase.test_with_wrong_mail@66c61024]" started-at="2023-04-06T12:06:09 BDT" name="without_number" finished-at="2023-04-06T12:06:19 BDT" duration-ms="10083" status="PASS">
          <reporter-output>
          </reporter-output>
        </test-method> <!-- without_number -->
        <test-method is-config="true" signature="quitBrowser()[pri:0, instance:testcase.test_with_wrong_mail@66c61024]" started-at="2023-04-06T12:06:19 BDT" name="quitBrowser" finished-at="2023-04-06T12:06:19 BDT" duration-ms="460" status="PASS">
          <reporter-output>
          </reporter-output>
        </test-method> <!-- quitBrowser -->
      </class> <!-- testcase.test_with_wrong_mail -->
    </test> <!-- Default test -->
  </suite> <!-- Default suite -->
</testng-results>
