<?xml version="1.0" encoding="UTF-8"?>
<testng-results ignored="0" total="1" passed="1" failed="0" skipped="0">
  <reporter-output>
  </reporter-output>
  <suite started-at="2023-06-03T16:40:14 BDT" name="Default suite" finished-at="2023-06-03T16:40:34 BDT" duration-ms="19195">
    <groups>
    </groups>
    <test started-at="2023-06-03T16:40:14 BDT" name="Default test" finished-at="2023-06-03T16:40:34 BDT" duration-ms="19195">
      <class name="testcase.order_test">
        <test-method is-config="true" signature="setBrowser()[pri:0, instance:testcase.order_test@5f9be66c]" started-at="2023-06-03T16:40:14 BDT" name="setBrowser" finished-at="2023-06-03T16:40:16 BDT" duration-ms="1445" status="PASS">
          <reporter-output>
          </reporter-output>
        </test-method> <!-- setBrowser -->
        <test-method signature="test()[pri:0, instance:testcase.order_test@5f9be66c]" started-at="2023-06-03T16:40:16 BDT" name="test" finished-at="2023-06-03T16:40:33 BDT" duration-ms="17047" status="PASS">
          <reporter-output>
          </reporter-output>
        </test-method> <!-- test -->
        <test-method is-config="true" signature="quitBrowser()[pri:0, instance:testcase.order_test@5f9be66c]" started-at="2023-06-03T16:40:33 BDT" name="quitBrowser" finished-at="2023-06-03T16:40:34 BDT" duration-ms="637" status="PASS">
          <reporter-output>
          </reporter-output>
        </test-method> <!-- quitBrowser -->
      </class> <!-- testcase.order_test -->
    </test> <!-- Default test -->
  </suite> <!-- Default suite -->
</testng-results>
